<?xml version="1.0" encoding="UTF-8"?>
<!-- Generated by org.testng.reporters.JUnitReportReporter -->
<testsuite hostname="DESKTOP-2HJLIK5" failures="0" tests="1" name="com.doctor.testing.doctorTesting" time="20.874" errors="0" timestamp="2022-10-18T23:52:10 IST" skipped="0">
  <testcase classname="com.doctor.testing.doctorTesting" name="viewId" time="20.874"/>
  <system-out/>
</testsuite> <!-- com.doctor.testing.doctorTesting -->
