<?xml version="1.0" encoding="UTF-8"?>
<!-- Generated by org.testng.reporters.JUnitReportReporter -->
<testsuite hostname="DESKTOP-2HJLIK5" failures="0" tests="1" name="com.doctor.testing.applyJobTesting" time="16.015" errors="0" timestamp="2022-10-18T23:50:12 IST" skipped="0">
  <testcase classname="com.doctor.testing.applyJobTesting" name="login" time="16.015"/>
  <system-out/>
</testsuite> <!-- com.doctor.testing.applyJobTesting -->
